[2024-03-26 10:03:24] This is codeql database index-files --working-dir=. --include-extension=.htm --include-extension=.html --include-extension=.xhtm --include-extension=.xhtml --include-extension=.vue --size-limit 10m --language html -- D:\Dev\goRace-01\goRace-01
[2024-03-26 10:03:24] Log file was started late.
[2024-03-26 10:03:24] Using index-files script D:\Apps\codeql\html\tools\index-files.cmd.
[2024-03-26 10:03:24] [PROGRESS] database index-files> Scanning for files in D:\Dev\goRace-01...
[2024-03-26 10:03:24] Calling plumbing command: codeql resolve files --include-extension=.htm --include-extension=.html --include-extension=.xhtm --include-extension=.xhtml --include-extension=.vue --size-limit=10m D:\Dev\goRace-01 --format=json
[2024-03-26 10:03:24] [PROGRESS] resolve files> Scanning D:\Dev\goRace-01...
[2024-03-26 10:03:24] [PROGRESS] resolve files> Scanning D:\Dev\goRace-01\.vscode...
[2024-03-26 10:03:24] [PROGRESS] resolve files> Scanning D:\Dev\goRace-01\goRace-01...
[2024-03-26 10:03:24] [PROGRESS] resolve files> Scanning D:\Dev\goRace-01\goRace-01\diagnostic...
[2024-03-26 10:03:24] [PROGRESS] resolve files> Scanning D:\Dev\goRace-01\goRace-01\diagnostic\extractors...
[2024-03-26 10:03:24] [PROGRESS] resolve files> Scanning D:\Dev\goRace-01\goRace-01\diagnostic\extractors\go...
[2024-03-26 10:03:24] [PROGRESS] resolve files> Scanning D:\Dev\goRace-01\goRace-01\diagnostic\tracer...
[2024-03-26 10:03:24] [PROGRESS] resolve files> Scanning D:\Dev\goRace-01\goRace-01\log...
[2024-03-26 10:03:24] [PROGRESS] resolve files> Scanning D:\Dev\goRace-01\goRace-01\src...
[2024-03-26 10:03:24] [PROGRESS] resolve files> Scanning D:\Dev\goRace-01\goRace-01\src\D_...
[2024-03-26 10:03:24] [PROGRESS] resolve files> Scanning D:\Dev\goRace-01\goRace-01\src\D_\Dev...
[2024-03-26 10:03:24] [PROGRESS] resolve files> Scanning D:\Dev\goRace-01\goRace-01\src\D_\Dev\goRace-01...
[2024-03-26 10:03:24] [PROGRESS] resolve files> Scanning D:\Dev\goRace-01\goRace-01\trap...
[2024-03-26 10:03:24] [PROGRESS] resolve files> Scanning D:\Dev\goRace-01\goRace-01\trap\go...
[2024-03-26 10:03:24] [PROGRESS] resolve files> Scanning D:\Dev\goRace-01\goRace-01\trap\go\compilations...
[2024-03-26 10:03:24] [PROGRESS] resolve files> Scanning D:\Dev\goRace-01\goRace-01\trap\go\compilations\ab...
[2024-03-26 10:03:24] [PROGRESS] resolve files> Scanning D:\Dev\goRace-01\goRace-01\trap\go\compress...
[2024-03-26 10:03:24] [PROGRESS] resolve files> Scanning D:\Dev\goRace-01\goRace-01\trap\go\container...
[2024-03-26 10:03:24] [PROGRESS] resolve files> Scanning D:\Dev\goRace-01\goRace-01\trap\go\crypto...
[2024-03-26 10:03:24] [PROGRESS] resolve files> Scanning D:\Dev\goRace-01\goRace-01\trap\go\crypto\internal...
[2024-03-26 10:03:24] [PROGRESS] resolve files> Scanning D:\Dev\goRace-01\goRace-01\trap\go\crypto\internal\boring...
[2024-03-26 10:03:24] [PROGRESS] resolve files> Scanning D:\Dev\goRace-01\goRace-01\trap\go\crypto\internal\edwards25519...
[2024-03-26 10:03:24] [PROGRESS] resolve files> Scanning D:\Dev\goRace-01\goRace-01\trap\go\crypto\internal\nistec...
[2024-03-26 10:03:24] [PROGRESS] resolve files> Scanning D:\Dev\goRace-01\goRace-01\trap\go\crypto\x509...
[2024-03-26 10:03:24] [PROGRESS] resolve files> Scanning D:\Dev\goRace-01\goRace-01\trap\go\D_...
[2024-03-26 10:03:24] [PROGRESS] resolve files> Scanning D:\Dev\goRace-01\goRace-01\trap\go\D_\Dev...
[2024-03-26 10:03:24] [PROGRESS] resolve files> Scanning D:\Dev\goRace-01\goRace-01\trap\go\D_\Dev\goRace-01...
[2024-03-26 10:03:24] [PROGRESS] resolve files> Scanning D:\Dev\goRace-01\goRace-01\trap\go\encoding...
[2024-03-26 10:03:24] [PROGRESS] resolve files> Scanning D:\Dev\goRace-01\goRace-01\trap\go\hash...
[2024-03-26 10:03:24] [PROGRESS] resolve files> Scanning D:\Dev\goRace-01\goRace-01\trap\go\internal...
[2024-03-26 10:03:24] [PROGRESS] resolve files> Scanning D:\Dev\goRace-01\goRace-01\trap\go\internal\coverage...
[2024-03-26 10:03:24] [PROGRESS] resolve files> Scanning D:\Dev\goRace-01\goRace-01\trap\go\internal\syscall...
[2024-03-26 10:03:24] [PROGRESS] resolve files> Scanning D:\Dev\goRace-01\goRace-01\trap\go\internal\syscall\windows...
[2024-03-26 10:03:24] [PROGRESS] resolve files> Scanning D:\Dev\goRace-01\goRace-01\trap\go\io...
[2024-03-26 10:03:24] [PROGRESS] resolve files> Scanning D:\Dev\goRace-01\goRace-01\trap\go\log...
[2024-03-26 10:03:24] [PROGRESS] resolve files> Scanning D:\Dev\goRace-01\goRace-01\trap\go\math...
[2024-03-26 10:03:24] [PROGRESS] resolve files> Scanning D:\Dev\goRace-01\goRace-01\trap\go\mime...
[2024-03-26 10:03:24] [PROGRESS] resolve files> Scanning D:\Dev\goRace-01\goRace-01\trap\go\net...
[2024-03-26 10:03:24] [PROGRESS] resolve files> Scanning D:\Dev\goRace-01\goRace-01\trap\go\net\http...
[2024-03-26 10:03:24] [PROGRESS] resolve files> Scanning D:\Dev\goRace-01\goRace-01\trap\go\net\http\internal...
[2024-03-26 10:03:24] [PROGRESS] resolve files> Scanning D:\Dev\goRace-01\goRace-01\trap\go\path...
[2024-03-26 10:03:24] [PROGRESS] resolve files> Scanning D:\Dev\goRace-01\goRace-01\trap\go\runtime...
[2024-03-26 10:03:24] [PROGRESS] resolve files> Scanning D:\Dev\goRace-01\goRace-01\trap\go\runtime\internal...
[2024-03-26 10:03:24] [PROGRESS] resolve files> Scanning D:\Dev\goRace-01\goRace-01\trap\go\sync...
[2024-03-26 10:03:24] [PROGRESS] resolve files> Scanning D:\Dev\goRace-01\goRace-01\trap\go\unicode...
[2024-03-26 10:03:24] [PROGRESS] resolve files> Scanning D:\Dev\goRace-01\goRace-01\trap\go\vendor...
[2024-03-26 10:03:24] [PROGRESS] resolve files> Scanning D:\Dev\goRace-01\goRace-01\trap\go\vendor\golang.org...
[2024-03-26 10:03:24] [PROGRESS] resolve files> Scanning D:\Dev\goRace-01\goRace-01\trap\go\vendor\golang.org\x...
[2024-03-26 10:03:24] [PROGRESS] resolve files> Scanning D:\Dev\goRace-01\goRace-01\trap\go\vendor\golang.org\x\crypto...
[2024-03-26 10:03:24] [PROGRESS] resolve files> Scanning D:\Dev\goRace-01\goRace-01\trap\go\vendor\golang.org\x\crypto\cryptobyte...
[2024-03-26 10:03:24] [PROGRESS] resolve files> Scanning D:\Dev\goRace-01\goRace-01\trap\go\vendor\golang.org\x\crypto\internal...
[2024-03-26 10:03:24] [PROGRESS] resolve files> Scanning D:\Dev\goRace-01\goRace-01\trap\go\vendor\golang.org\x\net...
[2024-03-26 10:03:24] [PROGRESS] resolve files> Scanning D:\Dev\goRace-01\goRace-01\trap\go\vendor\golang.org\x\net\dns...
[2024-03-26 10:03:24] [PROGRESS] resolve files> Scanning D:\Dev\goRace-01\goRace-01\trap\go\vendor\golang.org\x\net\http...
[2024-03-26 10:03:24] [PROGRESS] resolve files> Scanning D:\Dev\goRace-01\goRace-01\trap\go\vendor\golang.org\x\net\http2...
[2024-03-26 10:03:24] [PROGRESS] resolve files> Scanning D:\Dev\goRace-01\goRace-01\trap\go\vendor\golang.org\x\sys...
[2024-03-26 10:03:24] [PROGRESS] resolve files> Scanning D:\Dev\goRace-01\goRace-01\trap\go\vendor\golang.org\x\text...
[2024-03-26 10:03:24] [PROGRESS] resolve files> Scanning D:\Dev\goRace-01\goRace-01\trap\go\vendor\golang.org\x\text\secure...
[2024-03-26 10:03:24] [PROGRESS] resolve files> Scanning D:\Dev\goRace-01\goRace-01\trap\go\vendor\golang.org\x\text\unicode...
[2024-03-26 10:03:24] [PROGRESS] resolve files> Scanning D:\Dev\goRace-01\goRace-01\working...
[2024-03-26 10:03:24] Plumbing command codeql resolve files completed:
                      [ ]
[2024-03-26 10:03:24] [DETAILS] database index-files> Found 0 files.
[2024-03-26 10:03:24] Terminating normally.
